<?xml version="1.0" encoding="UTF-8"?>
<testsuite xmlns:xsi="http://www.w3.org/2001/XMLSchema-instance" xsi:noNamespaceSchemaLocation="https://maven.apache.org/surefire/maven-surefire-plugin/xsd/surefire-test-report.xsd" version="3.0.2" name="com.example.urlshortener.UrlshortenerApplicationTests" time="12.951" tests="1" errors="0" skipped="0" failures="0" flakes="0">
  <properties>
[...]
</properties>
  <testcase name="contextLoads" classname="com.example.urlshortener.UrlshortenerApplicationTests" time="0.3">
    <system-out><![CDATA[15:09:29.770 [main] INFO org.springframework.test.context.support.AnnotationConfigContextLoaderUtils -- Could not detect default configuration classes for test class [com.example.urlshortener.UrlshortenerApplicationTests]: UrlshortenerApplicationTests does not declare any static, non-private, non-final, nested classes annotated with @Configuration.
15:09:29.792 [main] INFO org.testcontainers.images.PullPolicy -- Image pull policy will be performed by: DefaultPullPolicy()
15:09:29.793 [main] INFO org.testcontainers.utility.ImageNameSubstitutor -- Image name substitution will be performed by: DefaultImageNameSubstitutor (composite of 'ConfigurationFileImageNameSubstitutor' and 'PrefixingImageNameSubstitutor')
15:09:29.802 [main] INFO org.testcontainers.DockerClientFactory -- Testcontainers version: 2.0.5
15:09:30.070 [main] INFO org.testcontainers.dockerclient.DockerClientProviderStrategy -- Found Docker environment with local Unix socket (unix:///var/run/docker.sock)
15:09:30.074 [main] INFO org.testcontainers.DockerClientFactory -- Docker host IP address is localhost
15:09:30.082 [main] INFO org.testcontainers.DockerClientFactory -- Connected to docker: 
  Server Version: 29.7.2
  API Version: 1.55
  Operating System: Docker Desktop
  Total Memory: 7936 MB
  Labels: 
    com.docker.desktop.address=unix:///Users/joetseng/Library/Containers/com.docker.docker/Data/docker-cli.sock
15:09:30.096 [main] INFO tc.testcontainers/ryuk:0.14.0 -- Pulling docker image: testcontainers/ryuk:0.14.0. Please be patient; this may take some time but only needs to be done once.
15:09:32.489 [main] INFO org.testcontainers.utility.RegistryAuthLocator -- Credential helper/store (docker-credential-desktop) does not have credentials for https://index.docker.io/v1/
15:09:33.650 [docker-java-stream-347378208] INFO tc.testcontainers/ryuk:0.14.0 -- Starting to pull image
15:09:33.668 [docker-java-stream-347378208] INFO tc.testcontainers/ryuk:0.14.0 -- Pulling image layers:  0 pending,  0 downloaded,  0 extracted, (0 bytes/0 bytes)
15:09:34.404 [docker-java-stream-347378208] INFO tc.testcontainers/ryuk:0.14.0 -- Pulling image layers:  1 pending,  1 downloaded,  0 extracted, (0 bytes/? MB)
15:09:34.405 [docker-java-stream-347378208] INFO tc.testcontainers/ryuk:0.14.0 -- Pulling image layers:  1 pending,  1 downloaded,  1 extracted, (0 bytes/? MB)
15:09:34.502 [docker-java-stream-347378208] INFO tc.testcontainers/ryuk:0.14.0 -- Pulling image layers:  0 pending,  2 downloaded,  1 extracted, (0 bytes/0 bytes)
15:09:34.514 [docker-java-stream-347378208] INFO tc.testcontainers/ryuk:0.14.0 -- Pulling image layers:  0 pending,  2 downloaded,  2 extracted, (1 bytes/0 bytes)
15:09:34.515 [main] INFO tc.testcontainers/ryuk:0.14.0 -- Image testcontainers/ryuk:0.14.0 pull took PT4.418902S
15:09:34.549 [main] INFO tc.testcontainers/ryuk:0.14.0 -- Creating container for image: testcontainers/ryuk:0.14.0
15:09:34.604 [main] INFO tc.testcontainers/ryuk:0.14.0 -- Container testcontainers/ryuk:0.14.0 is starting: 051eb6d66bb0a17a4852259f1dfb78d22a9e4a504d92314ba0c1a26f42ef55da
15:09:34.756 [main] INFO tc.testcontainers/ryuk:0.14.0 -- Container testcontainers/ryuk:0.14.0 started in PT0.207401S
15:09:34.759 [main] INFO org.testcontainers.utility.RyukResourceReaper -- Ryuk started - will monitor and terminate Testcontainers containers on JVM exit
15:09:34.759 [main] INFO org.testcontainers.DockerClientFactory -- Checking the system...
15:09:34.759 [main] INFO org.testcontainers.DockerClientFactory -- ✔︎ Docker server version should be at least 1.6.0
15:09:34.760 [main] INFO tc.postgres:17-alpine -- Pulling docker image: postgres:17-alpine. Please be patient; this may take some time but only needs to be done once.
15:09:35.653 [docker-java-stream--1884114856] INFO tc.postgres:17-alpine -- Starting to pull image
15:09:35.654 [docker-java-stream--1884114856] INFO tc.postgres:17-alpine -- Pulling image layers:  0 pending,  0 downloaded,  0 extracted, (0 bytes/0 bytes)
15:09:36.564 [docker-java-stream--1884114856] INFO tc.postgres:17-alpine -- Pulling image layers:  9 pending,  1 downloaded,  0 extracted, (0 bytes/? MB)
15:09:36.565 [docker-java-stream--1884114856] INFO tc.postgres:17-alpine -- Pulling image layers:  9 pending,  2 downloaded,  0 extracted, (0 bytes/? MB)
15:09:36.665 [docker-java-stream--1884114856] INFO tc.postgres:17-alpine -- Pulling image layers:  8 pending,  3 downloaded,  0 extracted, (0 bytes/? MB)
15:09:36.665 [docker-java-stream--1884114856] INFO tc.postgres:17-alpine -- Pulling image layers:  8 pending,  4 downloaded,  0 extracted, (0 bytes/? MB)
15:09:36.666 [docker-java-stream--1884114856] INFO tc.postgres:17-alpine -- Pulling image layers:  7 pending,  5 downloaded,  0 extracted, (0 bytes/? MB)
15:09:36.767 [docker-java-stream--1884114856] INFO tc.postgres:17-alpine -- Pulling image layers:  6 pending,  6 downloaded,  0 extracted, (0 bytes/? MB)
15:09:36.768 [docker-java-stream--1884114856] INFO tc.postgres:17-alpine -- Pulling image layers:  5 pending,  7 downloaded,  0 extracted, (0 bytes/? MB)
15:09:36.769 [docker-java-stream--1884114856] INFO tc.postgres:17-alpine -- Pulling image layers:  4 pending,  8 downloaded,  0 extracted, (0 bytes/? MB)
15:09:36.866 [docker-java-stream--1884114856] INFO tc.postgres:17-alpine -- Pulling image layers:  3 pending,  9 downloaded,  0 extracted, (0 bytes/? MB)
15:09:37.163 [docker-java-stream--1884114856] INFO tc.postgres:17-alpine -- Pulling image layers:  2 pending, 10 downloaded,  0 extracted, (1 MB/? MB)
15:09:37.164 [docker-java-stream--1884114856] INFO tc.postgres:17-alpine -- Pulling image layers:  1 pending, 11 downloaded,  0 extracted, (1 MB/? MB)
15:09:37.164 [docker-java-stream--1884114856] INFO tc.postgres:17-alpine -- Pulling image layers:  1 pending, 11 downloaded,  1 extracted, (1 MB/? MB)
15:09:37.164 [docker-java-stream--1884114856] INFO tc.postgres:17-alpine -- Pulling image layers:  1 pending, 11 downloaded,  2 extracted, (1 MB/? MB)
15:09:37.264 [docker-java-stream--1884114856] INFO tc.postgres:17-alpine -- Pulling image layers:  1 pending, 11 downloaded,  3 extracted, (1 MB/? MB)
15:09:37.265 [docker-java-stream--1884114856] INFO tc.postgres:17-alpine -- Pulling image layers:  1 pending, 11 downloaded,  4 extracted, (1 MB/? MB)
15:09:39.064 [docker-java-stream--1884114856] INFO tc.postgres:17-alpine -- Pulling image layers:  0 pending, 12 downloaded,  4 extracted, (103 MB/108 MB)
15:09:39.808 [docker-java-stream--1884114856] INFO tc.postgres:17-alpine -- Pulling image layers:  0 pending, 12 downloaded,  5 extracted, (103 MB/108 MB)
15:09:39.808 [docker-java-stream--1884114856] INFO tc.postgres:17-alpine -- Pulling image layers:  0 pending, 12 downloaded,  6 extracted, (103 MB/108 MB)
15:09:39.808 [docker-java-stream--1884114856] INFO tc.postgres:17-alpine -- Pulling image layers:  0 pending, 12 downloaded,  7 extracted, (103 MB/108 MB)
15:09:39.808 [docker-java-stream--1884114856] INFO tc.postgres:17-alpine -- Pulling image layers:  0 pending, 12 downloaded,  8 extracted, (103 MB/108 MB)
15:09:39.808 [docker-java-stream--1884114856] INFO tc.postgres:17-alpine -- Pulling image layers:  0 pending, 12 downloaded,  9 extracted, (103 MB/108 MB)
15:09:39.809 [docker-java-stream--1884114856] INFO tc.postgres:17-alpine -- Pulling image layers:  0 pending, 12 downloaded, 10 extracted, (103 MB/108 MB)
15:09:39.809 [docker-java-stream--1884114856] INFO tc.postgres:17-alpine -- Pull complete. 12 layers, pulled in 4s (downloaded 103 MB at 25 MB/s)
15:09:39.809 [main] INFO tc.postgres:17-alpine -- Image postgres:17-alpine pull took PT5.048321S
15:09:39.890 [main] INFO org.springframework.boot.test.context.SpringBootTestContextBootstrapper -- Found @SpringBootConfiguration com.example.urlshortener.UrlshortenerApplication for test class com.example.urlshortener.UrlshortenerApplicationTests
15:09:39.918 [main] INFO org.springframework.test.context.support.AnnotationConfigContextLoaderUtils -- Could not detect default configuration classes for test class [com.example.urlshortener.UrlshortenerApplicationTests]: UrlshortenerApplicationTests does not declare any static, non-private, non-final, nested classes annotated with @Configuration.
15:09:39.920 [main] INFO org.springframework.boot.test.context.SpringBootTestContextBootstrapper -- Found @SpringBootConfiguration com.example.urlshortener.UrlshortenerApplication for test class com.example.urlshortener.UrlshortenerApplicationTests
15:09:39.930 [main] INFO tc.postgres:17-alpine -- Creating container for image: postgres:17-alpine
15:09:40.052 [main] INFO tc.postgres:17-alpine -- Container postgres:17-alpine is starting: dbe1084d9dd6c3aa69dc6392f9b88fade5244e37abe9a5996c7805682be5346f
15:09:40.682 [main] INFO tc.postgres:17-alpine -- Container postgres:17-alpine started in PT0.751807S
15:09:40.682 [main] INFO tc.postgres:17-alpine -- Container is started (JDBC URL: jdbc:postgresql://localhost:60956/test?loggerLevel=OFF)

  .   ____          _            __ _ _
 /\\ / ___'_ __ _ _(_)_ __  __ _ \ \ \ \
( ( )\___ | '_ | '_| | '_ \/ _` | \ \ \ \
 \\/  ___)| |_)| | | | | || (_| |  ) ) ) )
  '  |____| .__|_| |_|_| |_\__, | / / / /
 =========|_|==============|___/=/_/_/_/

 :: Spring Boot ::                (v4.1.0)

2026-08-14T15:09:40.831-04:00  INFO 1064 --- [urlshortener] [           main] c.e.u.UrlshortenerApplicationTests       : Starting UrlshortenerApplicationTests using Java 26.0.1 with PID 1064 (started by joetseng in /Users/joetseng/projects/urlshortener)
2026-08-14T15:09:40.831-04:00  INFO 1064 --- [urlshortener] [           main] c.e.u.UrlshortenerApplicationTests       : No active profile set, falling back to 1 default profile: "default"
2026-08-14T15:09:41.103-04:00  INFO 1064 --- [urlshortener] [           main] .s.d.r.c.RepositoryConfigurationDelegate : Bootstrapping Spring Data JPA repositories in DEFAULT mode.
2026-08-14T15:09:41.111-04:00  INFO 1064 --- [urlshortener] [           main] .s.d.r.c.RepositoryConfigurationDelegate : Finished Spring Data repository scanning in 4 ms. Found 0 JPA repository interfaces.
2026-08-14T15:09:41.401-04:00  INFO 1064 --- [urlshortener] [           main] org.flywaydb.core.FlywayExecutor         : Database: jdbc:postgresql://localhost:60956/test?loggerLevel=OFF (PostgreSQL 17.11)
2026-08-14T15:09:41.418-04:00  INFO 1064 --- [urlshortener] [           main] o.f.c.i.s.JdbcTableSchemaHistory         : Schema history table "public"."flyway_schema_history" does not exist yet
2026-08-14T15:09:41.418-04:00  INFO 1064 --- [urlshortener] [           main] o.f.core.internal.command.DbValidate     : Successfully validated 0 migrations (execution time 00:00.003s)
2026-08-14T15:09:41.418-04:00  WARN 1064 --- [urlshortener] [           main] o.f.core.internal.command.DbValidate     : No migrations found. Are your locations set up correctly?
2026-08-14T15:09:41.430-04:00  INFO 1064 --- [urlshortener] [           main] o.f.c.i.s.JdbcTableSchemaHistory         : Creating Schema History table "public"."flyway_schema_history" ...
2026-08-14T15:09:41.461-04:00  INFO 1064 --- [urlshortener] [           main] o.f.core.internal.command.DbMigrate      : Current version of schema "public": << Empty Schema >>
2026-08-14T15:09:41.463-04:00  INFO 1064 --- [urlshortener] [           main] o.f.core.internal.command.DbMigrate      : Schema "public" is up to date. No migration necessary.
2026-08-14T15:09:41.493-04:00  INFO 1064 --- [urlshortener] [           main] com.zaxxer.hikari.HikariDataSource       : HikariPool-1 - Starting...
2026-08-14T15:09:41.502-04:00  INFO 1064 --- [urlshortener] [           main] com.zaxxer.hikari.pool.HikariPool        : HikariPool-1 - Added connection org.postgresql.jdbc.PgConnection@857f1a7
2026-08-14T15:09:41.503-04:00  INFO 1064 --- [urlshortener] [           main] com.zaxxer.hikari.HikariDataSource       : HikariPool-1 - Start completed.
2026-08-14T15:09:41.517-04:00  INFO 1064 --- [urlshortener] [           main] org.hibernate.orm.jpa                    : HHH008540: Processing PersistenceUnitInfo [name: default]
2026-08-14T15:09:41.541-04:00  INFO 1064 --- [urlshortener] [           main] org.hibernate.orm.core                   : HHH000001: Hibernate ORM core version 7.4.1.Final
2026-08-14T15:09:41.682-04:00  INFO 1064 --- [urlshortener] [           main] o.s.o.j.p.SpringPersistenceUnitInfo      : No LoadTimeWeaver setup: ignoring JPA class transformer
2026-08-14T15:09:41.717-04:00  INFO 1064 --- [urlshortener] [           main] org.hibernate.orm.connections.pooling    : HHH10001005: Database info:
	Database JDBC URL [jdbc:postgresql://localhost:60956/test?loggerLevel=OFF]
	Database driver: PostgreSQL JDBC Driver
	Database dialect: PostgreSQLDialect
	Database version: 17.11
	Default catalog/schema: test/public
	Autocommit mode: undefined/unknown
	Isolation level: READ_COMMITTED [default READ_COMMITTED]
	JDBC fetch size: none
	Pool: DataSourceConnectionProvider
	Minimum pool size: undefined/unknown
	Maximum pool size: undefined/unknown
2026-08-14T15:09:41.850-04:00  INFO 1064 --- [urlshortener] [           main] org.hibernate.orm.core                   : HHH000489: No JTA platform available (set 'hibernate.transaction.jta.platform' to enable JTA platform integration)
2026-08-14T15:09:41.852-04:00  INFO 1064 --- [urlshortener] [           main] j.LocalContainerEntityManagerFactoryBean : Initialized JPA EntityManagerFactory for persistence unit 'default'
2026-08-14T15:09:41.871-04:00  WARN 1064 --- [urlshortener] [           main] JpaBaseConfiguration$JpaWebConfiguration : spring.jpa.open-in-view is enabled by default. Therefore, database queries may be performed during view rendering. Explicitly configure spring.jpa.open-in-view to disable this warning
2026-08-14T15:09:41.906-04:00  WARN 1064 --- [urlshortener] [           main] .s.a.UserDetailsServiceAutoConfiguration : 

Using generated security password: 3cd586bb-2fca-4495-acc6-78f4114cedd8

This generated password is for development use only. Your security configuration must be updated before running your application in production.

2026-08-14T15:09:41.908-04:00  INFO 1064 --- [urlshortener] [           main] r$InitializeUserDetailsManagerConfigurer : Global AuthenticationManager configured with UserDetailsService bean with name inMemoryUserDetailsManager
2026-08-14T15:09:42.079-04:00  INFO 1064 --- [urlshortener] [           main] o.s.b.h.a.H2ConsoleAutoConfiguration     : H2 console available at '/h2-console'. Database available at 'jdbc:postgresql://localhost:60956/test?loggerLevel=OFF'
2026-08-14T15:09:42.136-04:00  INFO 1064 --- [urlshortener] [           main] o.s.b.a.e.web.EndpointLinksResolver      : Exposing 1 endpoint beneath base path '/actuator'
2026-08-14T15:09:42.158-04:00  INFO 1064 --- [urlshortener] [           main] c.e.u.UrlshortenerApplicationTests       : Started UrlshortenerApplicationTests in 1.436 seconds (process running for 12.717)
]]></system-out>
    <system-err><![CDATA[Mockito is currently self-attaching to enable the inline-mock-maker. This will no longer work in future releases of the JDK. Please add Mockito as an agent to your build as described in Mockito's documentation: https://javadoc.io/doc/org.mockito/mockito-core/latest/org.mockito/org/mockito/Mockito.html#0.3
WARNING: A Java agent has been loaded dynamically (/Users/joetseng/.m2/repository/net/bytebuddy/byte-buddy-agent/1.18.10/byte-buddy-agent-1.18.10.jar)
WARNING: If a serviceability tool is in use, please run with -XX:+EnableDynamicAgentLoading to hide this warning
WARNING: If a serviceability tool is not in use, please run with -Djdk.instrument.traceUsage for more information
WARNING: Dynamic loading of agents will be disallowed by default in a future release
]]></system-err>
  </testcase>
</testsuite>